Arguments: 
  C:\Program Files\nodejs\node.exe C:\Program Files (x86)\Yarn\bin\yarn.js

PATH: 
  C:\Python310\Scripts\;C:\Python310\;C:\Program Files (x86)\Common Files\Intel\Shared Libraries\redist\intel64\compiler;C:\WINDOWS\system32;C:\WINDOWS;C:\WINDOWS\System32\Wbem;C:\WINDOWS\System32\WindowsPowerShell\v1.0\;C:\WINDOWS\System32\OpenSSH\;C:\Program Files\Git\cmd;C:\Program Files (x86)\Yarn\bin\;C:\Program Files\Redis\;C:\Program Files\Microsoft SQL Server\120\Tools\Binn\;C:\ProgramData\chocolatey\bin;C:\Program Files\nodejs\;C:\Users\Viktor_Skorepa\AppData\Local\Microsoft\WindowsApps;;C:\Users\Viktor_Skorepa\AppData\Local\Programs\Microsoft VS Code\bin;C:\Users\Viktor_Skorepa\AppData\Local\Yarn\bin;C:\Users\Viktor_Skorepa\AppData\Roaming\npm

Yarn version: 
  1.22.5

Node version: 
  16.13.1

Platform: 
  win32 x64

Trace: 
  Error: 21980:error:1408F119:SSL routines:ssl3_get_record:decryption failed or bad record mac:c:\ws\deps\openssl\openssl\ssl\record\ssl3_record.c:677:

npm manifest: 
  {
      "name": "fixedit",
      "version": "0.1.0",
      "private": true,
      "scripts": {
          "dev": "next dev",
          "build": "next build",
          "start": "next start",
          "lint": "next lint",
          "format": "yarn prettier -w"
      },
      "dependencies": {
          "@nextui-org/react": "^1.0.1-alpha.57",
          "@supabase/supabase-js": "^1.22.6",
          "autoprefixer": "^10.3.7",
          "eslint-config-next": "^12.0.7",
          "eslint-config-prettier": "^8.3.0",
          "moment-timezone": "^0.5.34",
          "next": "11.1.2",
          "next-themes": "^0.0.15",
          "next-translate": "^1.1.0",
          "openapi-typescript": "^4.4.0",
          "prettier": "^2.5.1",
          "react": "17.0.2",
          "react-dom": "17.0.2",
          "react-hook-form": "^7.22.5",
          "react-icons": "^4.3.1",
          "react-paginate": "^7.1.3",
          "react-query": "^3.26.0",
          "simplebar-react": "^2.3.6",
          "tailwindcss": "^3.0.7"
      },
      "devDependencies": {
          "@types/react": "17.0.21",
          "@typescript-eslint/eslint-plugin": "^4.31.1",
          "@typescript-eslint/parser": "^4.31.1",
          "eslint": "^7.32.0",
          "eslint-plugin-react": "^7.25.3",
          "typescript": "4.4.3"
      }
  }

yarn manifest: 
  No manifest

Lockfile: 
  No lockfile
